Arguments: 
  /usr/local/Cellar/node/16.2.0/bin/node /usr/local/Cellar/yarn/1.22.10/libexec/bin/yarn.js install

PATH: 
  /Users/hiroyukosaki/work/grpc/bin:/Users/hiroyukosaki/go/bin:/usr/local/opt/go/libexec/bin:/usr/local/opt/openssl@1.1/bin:/Users/hiroyukosaki/.krew/bin:/usr/local/bin:/usr/bin:/bin:/usr/sbin:/sbin:/Users/hiroyukosaki/work/grpc/bin:/Users/hiroyukosaki/go/bin:/usr/local/opt/go/libexec/bin:/usr/local/opt/openssl@1.1/bin:/Users/hiroyukosaki/.krew/bin

Yarn version: 
  1.22.10

Node version: 
  16.2.0

Platform: 
  darwin x64

Trace: 
  Error: ENOENT: no such file or directory, lstat '/Users/hiroyukosaki/work/graphql/opa-entrypoint-authorizer/examples/graphql-apollo/node_modules/graphql-opa-authorizer/examples/graphql-apollo/node_modules/graphql-opa-authorizer/examples/rest-express/node_modules/ip-regex/license'

npm manifest: 
  {
    "name": "graphql-opa-authorizer",
    "version": "1.0.0",
    "main": "index.js",
    "license": "MIT",
    "scripts": {
      "start": "node appREST.js",
      "test": "mocha"
    },
    "dependencies": {
      "@open-policy-agent/opa-wasm": "^1.3.0",
      "express": "^4.17.1",
      "graphql-opa-authorizer": "../..",
      "opa-entrypoint-authorizer": "file:../../"
    },
    "devDependencies": {
      "chai": "^4.3.4",
      "chai-http": "^4.3.0",
      "mocha": "^9.1.2"
    }
  }

yarn manifest: 
  No manifest

Lockfile: 
  No lockfile
